<?xml version="1.0" encoding="UTF-8"?>
<!-- Generated by org.testng.reporters.JUnitReportReporter -->
<testsuite hostname="LAPTOP-PM0UH2ND" failures="0" tests="1" name="com.internetbanking.Testcases.Tc_LoginTest_001" time="1.339" errors="0" timestamp="2021-09-24T18:26:04 IST" skipped="0">
  <testcase classname="com.internetbanking.Testcases.Tc_LoginTest_001" name="logintest" time="1.339"/>
  <system-out/>
</testsuite> <!-- com.internetbanking.Testcases.Tc_LoginTest_001 -->
